<html>
<head>
<title>TestNG:  Default test</title>
<link href="../testng.css" rel="stylesheet" type="text/css" />
<link href="../my-testng.css" rel="stylesheet" type="text/css" />

<style type="text/css">
.log { display: none;} 
.stack-trace { display: none;} 
</style>
<script type="text/javascript">
<!--
function flip(e) {
  current = e.style.display;
  if (current == 'block') {
    e.style.display = 'none';
    return 0;
  }
  else {
    e.style.display = 'block';
    return 1;
  }
}

function toggleBox(szDivId, elem, msg1, msg2)
{
  var res = -1;  if (document.getElementById) {
    res = flip(document.getElementById(szDivId));
  }
  else if (document.all) {
    // this is the way old msie versions work
    res = flip(document.all[szDivId]);
  }
  if(elem) {
    if(res == 0) elem.innerHTML = msg1; else elem.innerHTML = msg2;
  }

}

function toggleAllBoxes() {
  if (document.getElementsByTagName) {
    d = document.getElementsByTagName('div');
    for (i = 0; i < d.length; i++) {
      if (d[i].className == 'log') {
        flip(d[i]);
      }
    }
  }
}

// -->
</script>

</head>
<body>
<h2 align='center'>Default test</h2><table border='1' align="center">
<tr>
<td>Tests passed/Failed/Skipped:</td><td>0/8/0</td>
</tr><tr>
<td>Started on:</td><td>Mon Nov 22 03:54:31 PST 2021</td>
</tr>
<tr><td>Total time:</td><td>10 seconds (10489 ms)</td>
</tr><tr>
<td>Included groups:</td><td></td>
</tr><tr>
<td>Excluded groups:</td><td></td>
</tr>
</table><p/>
<small><i>(Hover the method name to see the test class name)</i></small><p/>
<table width='100%' border='1' class='invocation-failed'>
<tr><td colspan='4' align='center'><b>FAILED TESTS</b></td></tr>
<tr><td><b>Test method</b></td>
<td width="30%"><b>Exception</b></td>
<td width="10%"><b>Time (seconds)</b></td>
<td><b>Instance</b></td>
</tr>
<tr>
<td title='runnerPack.TestRunner.runScenario()'><b>runScenario</b><br>Test class: runnerPack.TestRunner<br>Test method: Runs Cucumber Scenarios<br>Parameters: "application default login", "Optional[login to application]"</td>
<td><div><pre>java.lang.NullPointerException: Cannot invoke &quot;com.aventstack.extentreports.ExtentTest.info(String)&quot; because &quot;stepDefinitions.loginSteps.test&quot; is null
	at stepDefinitions.loginSteps.user_is_on_login_page(loginSteps.java:15)
	at ?.User is on login page(file:///C:/Users/abhinav/Desktop/BDDframeWork-main/./features/loginFeature.feature:3)
</pre></div><a href='#' onClick='toggleBox("stack-trace1305002218", this, "Click to show all stack frames", "Click to hide stack frames")'>Click to show all stack frames</a>
<div class='stack-trace' id='stack-trace1305002218'><pre>java.lang.NullPointerException: Cannot invoke &quot;com.aventstack.extentreports.ExtentTest.info(String)&quot; because &quot;stepDefinitions.loginSteps.test&quot; is null
	at stepDefinitions.loginSteps.user_is_on_login_page(loginSteps.java:15)
	at ?.User is on login page(file:///C:/Users/abhinav/Desktop/BDDframeWork-main/./features/loginFeature.feature:3)
</pre></div></td>
<td>0</td>
<td>runnerPack.TestRunner@1ab3a8c8</td></tr>
<tr>
<td title='runnerPack.TestRunner.runScenario()'><b>runScenario</b><br>Test class: runnerPack.TestRunner<br>Test method: Runs Cucumber Scenarios<br>Parameters: "search any product from searchbox", "Optional[search product]"</td>
<td><div><pre>java.lang.NullPointerException: Cannot invoke &quot;com.aventstack.extentreports.ExtentTest.info(String)&quot; because &quot;stepDefinitions.searchSteps.test&quot; is null
	at stepDefinitions.searchSteps.user_is_on_default_home_page(searchSteps.java:16)
	at ?.User is on default home page(file:///C:/Users/abhinav/Desktop/BDDframeWork-main/./features/searchFeature.feature:3)
</pre></div><a href='#' onClick='toggleBox("stack-trace609825180", this, "Click to show all stack frames", "Click to hide stack frames")'>Click to show all stack frames</a>
<div class='stack-trace' id='stack-trace609825180'><pre>java.lang.NullPointerException: Cannot invoke &quot;com.aventstack.extentreports.ExtentTest.info(String)&quot; because &quot;stepDefinitions.searchSteps.test&quot; is null
	at stepDefinitions.searchSteps.user_is_on_default_home_page(searchSteps.java:16)
	at ?.User is on default home page(file:///C:/Users/abhinav/Desktop/BDDframeWork-main/./features/searchFeature.feature:3)
</pre></div></td>
<td>0</td>
<td>runnerPack.TestRunner@1ab3a8c8</td></tr>
<tr>
<td title='runnerPack.TestRunner.runScenario()'><b>runScenario</b><br>Test class: runnerPack.TestRunner<br>Test method: Runs Cucumber Scenarios<br>Parameters: "to check availability of product", "Optional[checking pincode]"</td>
<td><div><pre>java.lang.NullPointerException: Cannot invoke &quot;com.aventstack.extentreports.ExtentTest.info(String)&quot; because &quot;stepDefinitions.pincodeCheckSteps.test&quot; is null
	at stepDefinitions.pincodeCheckSteps.user_is_on_any_product_details_page(pincodeCheckSteps.java:14)
	at ?.User is on any product details page(file:///C:/Users/abhinav/Desktop/BDDframeWork-main/./features/pincodeFeature.feature:3)
</pre></div><a href='#' onClick='toggleBox("stack-trace389519344", this, "Click to show all stack frames", "Click to hide stack frames")'>Click to show all stack frames</a>
<div class='stack-trace' id='stack-trace389519344'><pre>java.lang.NullPointerException: Cannot invoke &quot;com.aventstack.extentreports.ExtentTest.info(String)&quot; because &quot;stepDefinitions.pincodeCheckSteps.test&quot; is null
	at stepDefinitions.pincodeCheckSteps.user_is_on_any_product_details_page(pincodeCheckSteps.java:14)
	at ?.User is on any product details page(file:///C:/Users/abhinav/Desktop/BDDframeWork-main/./features/pincodeFeature.feature:3)
</pre></div></td>
<td>0</td>
<td>runnerPack.TestRunner@1ab3a8c8</td></tr>
<tr>
<td title='runnerPack.TestRunner.runScenario()'><b>runScenario</b><br>Test class: runnerPack.TestRunner<br>Test method: Runs Cucumber Scenarios<br>Parameters: "adding a product to wishlist", "Optional[Add to wishlist]"</td>
<td><div><pre>java.lang.NullPointerException: Cannot invoke &quot;org.openqa.selenium.WebDriver.findElement(org.openqa.selenium.By)&quot; because &quot;this.driver&quot; is null
	at pageobjects.addToWishlist.hoverelement(addToWishlist.java:17)
	at stepDefinitions.addTowishlistSteps.user_is_on_product_detail_page(addTowishlistSteps.java:37)
	at ?.user is on product detail page(file:///C:/Users/abhinav/Desktop/BDDframeWork-main/./features/addToWishlistFeature.feature:3)
</pre></div><a href='#' onClick='toggleBox("stack-trace185488647", this, "Click to show all stack frames", "Click to hide stack frames")'>Click to show all stack frames</a>
<div class='stack-trace' id='stack-trace185488647'><pre>java.lang.NullPointerException: Cannot invoke &quot;org.openqa.selenium.WebDriver.findElement(org.openqa.selenium.By)&quot; because &quot;this.driver&quot; is null
	at pageobjects.addToWishlist.hoverelement(addToWishlist.java:17)
	at stepDefinitions.addTowishlistSteps.user_is_on_product_detail_page(addTowishlistSteps.java:37)
	at ?.user is on product detail page(file:///C:/Users/abhinav/Desktop/BDDframeWork-main/./features/addToWishlistFeature.feature:3)
</pre></div></td>
<td>9</td>
<td>runnerPack.TestRunner@1ab3a8c8</td></tr>
<tr>
<td title='runnerPack.TestRunner.runScenario()'><b>runScenario</b><br>Test class: runnerPack.TestRunner<br>Test method: Runs Cucumber Scenarios<br>Parameters: "submit gift enquiry details succesfully", "Optional[Application login]"</td>
<td><div><pre>java.lang.NullPointerException: Cannot invoke &quot;com.aventstack.extentreports.ExtentTest.info(String)&quot; because &quot;stepDefinitions.submitGiftEnquirySteps.test&quot; is null
	at stepDefinitions.submitGiftEnquirySteps.user_is_on_equiry_page(submitGiftEnquirySteps.java:16)
	at ?.user is on equiry page(file:///C:/Users/abhinav/Desktop/BDDframeWork-main/./features/submitGiftEnquiry.feature:3)
</pre></div><a href='#' onClick='toggleBox("stack-trace1329492804", this, "Click to show all stack frames", "Click to hide stack frames")'>Click to show all stack frames</a>
<div class='stack-trace' id='stack-trace1329492804'><pre>java.lang.NullPointerException: Cannot invoke &quot;com.aventstack.extentreports.ExtentTest.info(String)&quot; because &quot;stepDefinitions.submitGiftEnquirySteps.test&quot; is null
	at stepDefinitions.submitGiftEnquirySteps.user_is_on_equiry_page(submitGiftEnquirySteps.java:16)
	at ?.user is on equiry page(file:///C:/Users/abhinav/Desktop/BDDframeWork-main/./features/submitGiftEnquiry.feature:3)
</pre></div></td>
<td>0</td>
<td>runnerPack.TestRunner@1ab3a8c8</td></tr>
<tr>
<td title='runnerPack.TestRunner.runScenario()'><b>runScenario</b><br>Test class: runnerPack.TestRunner<br>Test method: Runs Cucumber Scenarios<br>Parameters: "adding giftcard to cart from home page", "Optional[add giftcard to cart]"</td>
<td><div><pre>java.lang.NullPointerException: Cannot invoke &quot;com.aventstack.extentreports.ExtentTest.info(String)&quot; because &quot;stepDefinitions.giftcardAddSteps.test&quot; is null
	at stepDefinitions.giftcardAddSteps.user_is_on_home_page(giftcardAddSteps.java:15)
	at ?.User is on home page(file:///C:/Users/abhinav/Desktop/BDDframeWork-main/./features/giftcardFeature.feature:3)
</pre></div><a href='#' onClick='toggleBox("stack-trace2083215552", this, "Click to show all stack frames", "Click to hide stack frames")'>Click to show all stack frames</a>
<div class='stack-trace' id='stack-trace2083215552'><pre>java.lang.NullPointerException: Cannot invoke &quot;com.aventstack.extentreports.ExtentTest.info(String)&quot; because &quot;stepDefinitions.giftcardAddSteps.test&quot; is null
	at stepDefinitions.giftcardAddSteps.user_is_on_home_page(giftcardAddSteps.java:15)
	at ?.User is on home page(file:///C:/Users/abhinav/Desktop/BDDframeWork-main/./features/giftcardFeature.feature:3)
</pre></div></td>
<td>0</td>
<td>runnerPack.TestRunner@1ab3a8c8</td></tr>
<tr>
<td title='runnerPack.TestRunner.runScenario()'><b>runScenario</b><br>Test class: runnerPack.TestRunner<br>Test method: Runs Cucumber Scenarios<br>Parameters: "home page default SignUp", "Optional[Application SignUp]"</td>
<td><div><pre>java.lang.NullPointerException: Cannot invoke &quot;com.aventstack.extentreports.ExtentTest.info(String)&quot; because &quot;stepDefinitions.signupSteps.test&quot; is null
	at stepDefinitions.signupSteps.user_is_on_create_account_page(signupSteps.java:14)
	at ?.User is on create account page(file:///C:/Users/abhinav/Desktop/BDDframeWork-main/./features/signUpFeature.feature:3)
</pre></div><a href='#' onClick='toggleBox("stack-trace1592601990", this, "Click to show all stack frames", "Click to hide stack frames")'>Click to show all stack frames</a>
<div class='stack-trace' id='stack-trace1592601990'><pre>java.lang.NullPointerException: Cannot invoke &quot;com.aventstack.extentreports.ExtentTest.info(String)&quot; because &quot;stepDefinitions.signupSteps.test&quot; is null
	at stepDefinitions.signupSteps.user_is_on_create_account_page(signupSteps.java:14)
	at ?.User is on create account page(file:///C:/Users/abhinav/Desktop/BDDframeWork-main/./features/signUpFeature.feature:3)
</pre></div></td>
<td>0</td>
<td>runnerPack.TestRunner@1ab3a8c8</td></tr>
<tr>
<td title='runnerPack.TestRunner.runScenario()'><b>runScenario</b><br>Test class: runnerPack.TestRunner<br>Test method: Runs Cucumber Scenarios<br>Parameters: "to subscirbe newsLetter by providing emailId", "Optional[subscribe to newsLetter]"</td>
<td><div><pre>java.lang.NullPointerException: Cannot invoke &quot;com.aventstack.extentreports.ExtentTest.info(String)&quot; because &quot;stepDefinitions.newsLetterSub.test&quot; is null
	at stepDefinitions.newsLetterSub.user_sends_email_id_in_the_news_letter_section(newsLetterSub.java:19)
	at ?.user sends email id &quot; &quot; in the newsLetter section(file:///C:/Users/abhinav/Desktop/BDDframeWork-main/./features/newsLetterFeature.feature:4)
</pre></div><a href='#' onClick='toggleBox("stack-trace2050291306", this, "Click to show all stack frames", "Click to hide stack frames")'>Click to show all stack frames</a>
<div class='stack-trace' id='stack-trace2050291306'><pre>java.lang.NullPointerException: Cannot invoke &quot;com.aventstack.extentreports.ExtentTest.info(String)&quot; because &quot;stepDefinitions.newsLetterSub.test&quot; is null
	at stepDefinitions.newsLetterSub.user_sends_email_id_in_the_news_letter_section(newsLetterSub.java:19)
	at ?.user sends email id &quot; &quot; in the newsLetter section(file:///C:/Users/abhinav/Desktop/BDDframeWork-main/./features/newsLetterFeature.feature:4)
</pre></div></td>
<td>0</td>
<td>runnerPack.TestRunner@1ab3a8c8</td></tr>
</table><p>
</body>
</html>