<?xml version="1.0" encoding="UTF-8"?>
<!-- Generated by org.testng.reporters.JUnitXMLReporter -->
<testsuite ignored="0" hostname="DESKTOP-8E2ASUK" failures="8" tests="8" name="Default test" time="10.489" errors="0" timestamp="2021-11-22T03:54:42 GMT-08:00">
  <testcase classname="io.cucumber.testng.AbstractTestNGCucumberTests" name="runScenario" time="9.221">
    <failure type="java.lang.NullPointerException" message="Cannot invoke &amp;quot;org.openqa.selenium.WebDriver.findElement(org.openqa.selenium.By)&amp;quot; because &amp;quot;this.driver&amp;quot; is null">
      <![CDATA[java.lang.NullPointerException: Cannot invoke "org.openqa.selenium.WebDriver.findElement(org.openqa.selenium.By)" because "this.driver" is null
at pageobjects.addToWishlist.hoverelement(addToWishlist.java:17)
at stepDefinitions.addTowishlistSteps.user_is_on_product_detail_page(addTowishlistSteps.java:37)
at ✽.user is on product detail page(file:///C:/Users/abhinav/Desktop/BDDframeWork-main/./features/addToWishlistFeature.feature:3)
]]>
    </failure>
  </testcase> <!-- runScenario -->
  <testcase classname="io.cucumber.testng.AbstractTestNGCucumberTests" name="runScenario" time="0.072">
    <failure type="java.lang.NullPointerException" message="Cannot invoke &amp;quot;com.aventstack.extentreports.ExtentTest.info(String)&amp;quot; because &amp;quot;stepDefinitions.giftcardAddSteps.test&amp;quot; is null">
      <![CDATA[java.lang.NullPointerException: Cannot invoke "com.aventstack.extentreports.ExtentTest.info(String)" because "stepDefinitions.giftcardAddSteps.test" is null
at stepDefinitions.giftcardAddSteps.user_is_on_home_page(giftcardAddSteps.java:15)
at ✽.User is on home page(file:///C:/Users/abhinav/Desktop/BDDframeWork-main/./features/giftcardFeature.feature:3)
]]>
    </failure>
  </testcase> <!-- runScenario -->
  <testcase classname="io.cucumber.testng.AbstractTestNGCucumberTests" name="runScenario" time="0.12">
    <failure type="java.lang.NullPointerException" message="Cannot invoke &amp;quot;com.aventstack.extentreports.ExtentTest.info(String)&amp;quot; because &amp;quot;stepDefinitions.loginSteps.test&amp;quot; is null">
      <![CDATA[java.lang.NullPointerException: Cannot invoke "com.aventstack.extentreports.ExtentTest.info(String)" because "stepDefinitions.loginSteps.test" is null
at stepDefinitions.loginSteps.user_is_on_login_page(loginSteps.java:15)
at ✽.User is on login page(file:///C:/Users/abhinav/Desktop/BDDframeWork-main/./features/loginFeature.feature:3)
]]>
    </failure>
  </testcase> <!-- runScenario -->
  <testcase classname="io.cucumber.testng.AbstractTestNGCucumberTests" name="runScenario" time="0.051">
    <failure type="java.lang.NullPointerException" message="Cannot invoke &amp;quot;com.aventstack.extentreports.ExtentTest.info(String)&amp;quot; because &amp;quot;stepDefinitions.newsLetterSub.test&amp;quot; is null">
      <![CDATA[java.lang.NullPointerException: Cannot invoke "com.aventstack.extentreports.ExtentTest.info(String)" because "stepDefinitions.newsLetterSub.test" is null
at stepDefinitions.newsLetterSub.user_sends_email_id_in_the_news_letter_section(newsLetterSub.java:19)
at ✽.user sends email id " " in the newsLetter section(file:///C:/Users/abhinav/Desktop/BDDframeWork-main/./features/newsLetterFeature.feature:4)
]]>
    </failure>
  </testcase> <!-- runScenario -->
  <testcase classname="io.cucumber.testng.AbstractTestNGCucumberTests" name="runScenario" time="0.043">
    <failure type="java.lang.NullPointerException" message="Cannot invoke &amp;quot;com.aventstack.extentreports.ExtentTest.info(String)&amp;quot; because &amp;quot;stepDefinitions.pincodeCheckSteps.test&amp;quot; is null">
      <![CDATA[java.lang.NullPointerException: Cannot invoke "com.aventstack.extentreports.ExtentTest.info(String)" because "stepDefinitions.pincodeCheckSteps.test" is null
at stepDefinitions.pincodeCheckSteps.user_is_on_any_product_details_page(pincodeCheckSteps.java:14)
at ✽.User is on any product details page(file:///C:/Users/abhinav/Desktop/BDDframeWork-main/./features/pincodeFeature.feature:3)
]]>
    </failure>
  </testcase> <!-- runScenario -->
  <testcase classname="io.cucumber.testng.AbstractTestNGCucumberTests" name="runScenario" time="0.104">
    <failure type="java.lang.NullPointerException" message="Cannot invoke &amp;quot;com.aventstack.extentreports.ExtentTest.info(String)&amp;quot; because &amp;quot;stepDefinitions.searchSteps.test&amp;quot; is null">
      <![CDATA[java.lang.NullPointerException: Cannot invoke "com.aventstack.extentreports.ExtentTest.info(String)" because "stepDefinitions.searchSteps.test" is null
at stepDefinitions.searchSteps.user_is_on_default_home_page(searchSteps.java:16)
at ✽.User is on default home page(file:///C:/Users/abhinav/Desktop/BDDframeWork-main/./features/searchFeature.feature:3)
]]>
    </failure>
  </testcase> <!-- runScenario -->
  <testcase classname="io.cucumber.testng.AbstractTestNGCucumberTests" name="runScenario" time="0.071">
    <failure type="java.lang.NullPointerException" message="Cannot invoke &amp;quot;com.aventstack.extentreports.ExtentTest.info(String)&amp;quot; because &amp;quot;stepDefinitions.signupSteps.test&amp;quot; is null">
      <![CDATA[java.lang.NullPointerException: Cannot invoke "com.aventstack.extentreports.ExtentTest.info(String)" because "stepDefinitions.signupSteps.test" is null
at stepDefinitions.signupSteps.user_is_on_create_account_page(signupSteps.java:14)
at ✽.User is on create account page(file:///C:/Users/abhinav/Desktop/BDDframeWork-main/./features/signUpFeature.feature:3)
]]>
    </failure>
  </testcase> <!-- runScenario -->
  <testcase classname="io.cucumber.testng.AbstractTestNGCucumberTests" name="runScenario" time="0.029">
    <failure type="java.lang.NullPointerException" message="Cannot invoke &amp;quot;com.aventstack.extentreports.ExtentTest.info(String)&amp;quot; because &amp;quot;stepDefinitions.submitGiftEnquirySteps.test&amp;quot; is null">
      <![CDATA[java.lang.NullPointerException: Cannot invoke "com.aventstack.extentreports.ExtentTest.info(String)" because "stepDefinitions.submitGiftEnquirySteps.test" is null
at stepDefinitions.submitGiftEnquirySteps.user_is_on_equiry_page(submitGiftEnquirySteps.java:16)
at ✽.user is on equiry page(file:///C:/Users/abhinav/Desktop/BDDframeWork-main/./features/submitGiftEnquiry.feature:3)
]]>
    </failure>
  </testcase> <!-- runScenario -->
</testsuite> <!-- Default test -->
